0 info it worked if it ends with ok
1 verbose cli [ '/opt/local/bin/node', '/opt/local/bin/npm', 'install' ]
2 info using npm@1.2.11
3 info using node@v0.8.20
4 verbose read json /Users/javferre/package.json
5 error install Couldn't read dependencies
6 error Error: ENOENT, open '/Users/javferre/package.json'
7 error If you need help, you may report this log at:
7 error     <http://github.com/isaacs/npm/issues>
7 error or email it to:
7 error     <npm-@googlegroups.com>
8 error System Darwin 12.2.0
9 error command "/opt/local/bin/node" "/opt/local/bin/npm" "install"
10 error cwd /Users/javferre/Mestrado/Crawlers/nodejs
11 error node -v v0.8.20
12 error npm -v 1.2.11
13 error path /Users/javferre/package.json
14 error code ENOENT
15 error errno 34
16 verbose exit [ 34, true ]
